obj\Release\netstandard2.1\blazor\linker\Blazored.LocalStorage.dll
obj\Release\netstandard2.1\blazor\linker\Blazored.Toast.dll
obj\Release\netstandard2.1\blazor\linker\Bunit.Core.dll
obj\Release\netstandard2.1\blazor\linker\LangrisserHelper.Client.dll
obj\Release\netstandard2.1\blazor\linker\LangrisserHelper.Shared.dll
obj\Release\netstandard2.1\blazor\linker\Microsoft.AspNetCore.Authorization.dll
obj\Release\netstandard2.1\blazor\linker\Microsoft.AspNetCore.Components.Authorization.dll
obj\Release\netstandard2.1\blazor\linker\Microsoft.AspNetCore.Components.dll
obj\Release\netstandard2.1\blazor\linker\Microsoft.AspNetCore.Components.Forms.dll
obj\Release\netstandard2.1\blazor\linker\Microsoft.AspNetCore.Components.Web.dll
obj\Release\netstandard2.1\blazor\linker\Microsoft.AspNetCore.Components.WebAssembly.dll
obj\Release\netstandard2.1\blazor\linker\Microsoft.AspNetCore.Connections.Abstractions.dll
obj\Release\netstandard2.1\blazor\linker\Microsoft.AspNetCore.Http.Connections.Client.dll
obj\Release\netstandard2.1\blazor\linker\Microsoft.AspNetCore.Http.Connections.Common.dll
obj\Release\netstandard2.1\blazor\linker\Microsoft.AspNetCore.Http.Features.dll
obj\Release\netstandard2.1\blazor\linker\Microsoft.AspNetCore.Metadata.dll
obj\Release\netstandard2.1\blazor\linker\Microsoft.AspNetCore.SignalR.Client.Core.dll
obj\Release\netstandard2.1\blazor\linker\Microsoft.AspNetCore.SignalR.Client.dll
obj\Release\netstandard2.1\blazor\linker\Microsoft.AspNetCore.SignalR.Common.dll
obj\Release\netstandard2.1\blazor\linker\Microsoft.AspNetCore.SignalR.Protocols.Json.dll
obj\Release\netstandard2.1\blazor\linker\Microsoft.AspNetCore.WebUtilities.dll
obj\Release\netstandard2.1\blazor\linker\Microsoft.Bcl.AsyncInterfaces.dll
obj\Release\netstandard2.1\blazor\linker\Microsoft.CSharp.dll
obj\Release\netstandard2.1\blazor\linker\Microsoft.Extensions.Configuration.Abstractions.dll
obj\Release\netstandard2.1\blazor\linker\Microsoft.Extensions.Configuration.dll
obj\Release\netstandard2.1\blazor\linker\Microsoft.Extensions.Configuration.Json.dll
obj\Release\netstandard2.1\blazor\linker\Microsoft.Extensions.DependencyInjection.Abstractions.dll
obj\Release\netstandard2.1\blazor\linker\Microsoft.Extensions.DependencyInjection.dll
obj\Release\netstandard2.1\blazor\linker\Microsoft.Extensions.Logging.Abstractions.dll
obj\Release\netstandard2.1\blazor\linker\Microsoft.Extensions.Logging.dll
obj\Release\netstandard2.1\blazor\linker\Microsoft.Extensions.Options.dll
obj\Release\netstandard2.1\blazor\linker\Microsoft.Extensions.Primitives.dll
obj\Release\netstandard2.1\blazor\linker\Microsoft.IdentityModel.JsonWebTokens.dll
obj\Release\netstandard2.1\blazor\linker\Microsoft.IdentityModel.Logging.dll
obj\Release\netstandard2.1\blazor\linker\Microsoft.IdentityModel.Tokens.dll
obj\Release\netstandard2.1\blazor\linker\Microsoft.JSInterop.dll
obj\Release\netstandard2.1\blazor\linker\Microsoft.JSInterop.WebAssembly.dll
obj\Release\netstandard2.1\blazor\linker\Microsoft.Net.Http.Headers.dll
obj\Release\netstandard2.1\blazor\linker\Mono.Security.dll
obj\Release\netstandard2.1\blazor\linker\mscorlib.dll
obj\Release\netstandard2.1\blazor\linker\System.ComponentModel.DataAnnotations.dll
obj\Release\netstandard2.1\blazor\linker\System.Core.dll
obj\Release\netstandard2.1\blazor\linker\System.Data.dll
obj\Release\netstandard2.1\blazor\linker\System.dll
obj\Release\netstandard2.1\blazor\linker\System.IdentityModel.Tokens.Jwt.dll
obj\Release\netstandard2.1\blazor\linker\System.IO.Pipelines.dll
obj\Release\netstandard2.1\blazor\linker\System.Net.Http.dll
obj\Release\netstandard2.1\blazor\linker\System.Net.Http.Json.dll
obj\Release\netstandard2.1\blazor\linker\System.Net.Http.WebAssemblyHttpHandler.dll
obj\Release\netstandard2.1\blazor\linker\System.Numerics.dll
obj\Release\netstandard2.1\blazor\linker\System.Runtime.CompilerServices.Unsafe.dll
obj\Release\netstandard2.1\blazor\linker\System.Runtime.Serialization.dll
obj\Release\netstandard2.1\blazor\linker\System.Text.Encodings.Web.dll
obj\Release\netstandard2.1\blazor\linker\System.Text.Json.dll
obj\Release\netstandard2.1\blazor\linker\System.Threading.Channels.dll
obj\Release\netstandard2.1\blazor\linker\System.Xml.dll
obj\Release\netstandard2.1\blazor\linker\System.Xml.Linq.dll
obj\Release\netstandard2.1\blazor\linker\WebAssembly.Bindings.dll
obj\Release\netstandard2.1\blazor\linker\WebAssembly.Net.WebSockets.dll
obj\Release\netstandard2.1\blazor\linker\LangrisserHelper.Client.pdb
obj\Release\netstandard2.1\blazor\linker\LangrisserHelper.Shared.pdb
